0 info it worked if it ends with ok
1 verbose cli [ 'node', '/usr/local/bin/npm', 'install', 'supervisor', '-g' ]
2 info using npm@1.3.14
3 info using node@v0.10.22
4 verbose cache add [ 'supervisor', null ]
5 verbose cache add name=undefined spec="supervisor" args=["supervisor",null]
6 verbose parsed url { protocol: null,
6 verbose parsed url   slashes: null,
6 verbose parsed url   auth: null,
6 verbose parsed url   host: null,
6 verbose parsed url   port: null,
6 verbose parsed url   hostname: null,
6 verbose parsed url   hash: null,
6 verbose parsed url   search: null,
6 verbose parsed url   query: null,
6 verbose parsed url   pathname: 'supervisor',
6 verbose parsed url   path: 'supervisor',
6 verbose parsed url   href: 'supervisor' }
7 silly lockFile 0f4d09e4-supervisor supervisor
8 verbose lock supervisor /Users/Jerry/.npm/0f4d09e4-supervisor.lock
9 silly lockFile 0f4d09e4-supervisor supervisor
10 silly lockFile 0f4d09e4-supervisor supervisor
11 verbose addNamed [ 'supervisor', '' ]
12 verbose addNamed [ null, '*' ]
13 silly lockFile b28163ae-supervisor supervisor@
14 verbose lock supervisor@ /Users/Jerry/.npm/b28163ae-supervisor.lock
15 silly addNameRange { name: 'supervisor', range: '*', hasData: false }
16 verbose url raw supervisor
17 verbose url resolving [ 'https://registry.npmjs.org/', './supervisor' ]
18 verbose url resolved https://registry.npmjs.org/supervisor
19 info trying registry request attempt 1 at 11:54:04
20 http GET https://registry.npmjs.org/supervisor
21 http 200 https://registry.npmjs.org/supervisor
22 silly registry.get cb [ 200,
22 silly registry.get   { vary: 'Accept',
22 silly registry.get     server: 'CouchDB/1.5.0 (Erlang OTP/R15B03)',
22 silly registry.get     etag: '"9B3UCUWZY2MDAMZNJ66T1EDH"',
22 silly registry.get     date: 'Mon, 18 Nov 2013 17:54:05 GMT',
22 silly registry.get     'content-type': 'application/json',
22 silly registry.get     'content-length': '90396' } ]
23 silly addNameRange number 2 { name: 'supervisor', range: '*', hasData: true }
24 silly addNameRange versions [ 'supervisor',
24 silly addNameRange   [ '0.0.4',
24 silly addNameRange     '0.0.5',
24 silly addNameRange     '0.0.6',
24 silly addNameRange     '0.1.0',
24 silly addNameRange     '0.1.1',
24 silly addNameRange     '0.1.2',
24 silly addNameRange     '0.1.3',
24 silly addNameRange     '0.2.0',
24 silly addNameRange     '0.3.0',
24 silly addNameRange     '0.3.1',
24 silly addNameRange     '0.3.2',
24 silly addNameRange     '0.3.3',
24 silly addNameRange     '0.3.4',
24 silly addNameRange     '0.3.5',
24 silly addNameRange     '0.3.6',
24 silly addNameRange     '0.4.0',
24 silly addNameRange     '0.4.1',
24 silly addNameRange     '0.5.0',
24 silly addNameRange     '0.5.1',
24 silly addNameRange     '0.5.2',
24 silly addNameRange     '0.5.3',
24 silly addNameRange     '0.5.4',
24 silly addNameRange     '0.5.5',
24 silly addNameRange     '0.5.6' ] ]
25 verbose addNamed [ 'supervisor', '0.5.6' ]
26 verbose addNamed [ '0.5.6', '0.5.6' ]
27 silly lockFile cea9131d-supervisor-0-5-6 supervisor@0.5.6
28 verbose lock supervisor@0.5.6 /Users/Jerry/.npm/cea9131d-supervisor-0-5-6.lock
29 silly lockFile 3aeb15e9--supervisor-supervisor-0-5-6-tgz https://registry.npmjs.org/supervisor/-/supervisor-0.5.6.tgz
30 verbose lock https://registry.npmjs.org/supervisor/-/supervisor-0.5.6.tgz /Users/Jerry/.npm/3aeb15e9--supervisor-supervisor-0-5-6-tgz.lock
31 verbose addRemoteTarball [ 'https://registry.npmjs.org/supervisor/-/supervisor-0.5.6.tgz',
31 verbose addRemoteTarball   'e5ec3a5b59a585592de2dd77305cbeba342c7fc0' ]
32 info retry fetch attempt 1 at 11:54:06
33 verbose fetch to= /var/folders/0f/0fk5d+O6EZmOJARmMuF43++++TI/-Tmp-/npm-847-MQ6Uw_GR/1384797246727-0.22997816582210362/tmp.tgz
34 http GET https://registry.npmjs.org/supervisor/-/supervisor-0.5.6.tgz
35 http 200 https://registry.npmjs.org/supervisor/-/supervisor-0.5.6.tgz
36 verbose tar unpack /var/folders/0f/0fk5d+O6EZmOJARmMuF43++++TI/-Tmp-/npm-847-MQ6Uw_GR/1384797246727-0.22997816582210362/tmp.tgz
37 silly lockFile 3a1fe78f-6727-0-22997816582210362-package tar:///var/folders/0f/0fk5d+O6EZmOJARmMuF43++++TI/-Tmp-/npm-847-MQ6Uw_GR/1384797246727-0.22997816582210362/package
38 verbose lock tar:///var/folders/0f/0fk5d+O6EZmOJARmMuF43++++TI/-Tmp-/npm-847-MQ6Uw_GR/1384797246727-0.22997816582210362/package /Users/Jerry/.npm/3a1fe78f-6727-0-22997816582210362-package.lock
39 silly lockFile 49aeecb5-6727-0-22997816582210362-tmp-tgz tar:///var/folders/0f/0fk5d+O6EZmOJARmMuF43++++TI/-Tmp-/npm-847-MQ6Uw_GR/1384797246727-0.22997816582210362/tmp.tgz
40 verbose lock tar:///var/folders/0f/0fk5d+O6EZmOJARmMuF43++++TI/-Tmp-/npm-847-MQ6Uw_GR/1384797246727-0.22997816582210362/tmp.tgz /Users/Jerry/.npm/49aeecb5-6727-0-22997816582210362-tmp-tgz.lock
41 silly gunzTarPerm modes [ '755', '644' ]
42 silly gunzTarPerm extractEntry package.json
43 silly gunzTarPerm extractEntry README.md
44 silly gunzTarPerm extractEntry LICENSE
45 silly gunzTarPerm extractEntry lib/cli-wrapper.js
46 silly gunzTarPerm extractEntry lib/supervisor.js
47 silly lockFile 3a1fe78f-6727-0-22997816582210362-package tar:///var/folders/0f/0fk5d+O6EZmOJARmMuF43++++TI/-Tmp-/npm-847-MQ6Uw_GR/1384797246727-0.22997816582210362/package
48 silly lockFile 3a1fe78f-6727-0-22997816582210362-package tar:///var/folders/0f/0fk5d+O6EZmOJARmMuF43++++TI/-Tmp-/npm-847-MQ6Uw_GR/1384797246727-0.22997816582210362/package
49 silly lockFile 49aeecb5-6727-0-22997816582210362-tmp-tgz tar:///var/folders/0f/0fk5d+O6EZmOJARmMuF43++++TI/-Tmp-/npm-847-MQ6Uw_GR/1384797246727-0.22997816582210362/tmp.tgz
50 silly lockFile 49aeecb5-6727-0-22997816582210362-tmp-tgz tar:///var/folders/0f/0fk5d+O6EZmOJARmMuF43++++TI/-Tmp-/npm-847-MQ6Uw_GR/1384797246727-0.22997816582210362/tmp.tgz
51 verbose tar pack [ '/Users/Jerry/.npm/supervisor/0.5.6/package.tgz',
51 verbose tar pack   '/var/folders/0f/0fk5d+O6EZmOJARmMuF43++++TI/-Tmp-/npm-847-MQ6Uw_GR/1384797246727-0.22997816582210362/package' ]
52 verbose tarball /Users/Jerry/.npm/supervisor/0.5.6/package.tgz
53 verbose folder /var/folders/0f/0fk5d+O6EZmOJARmMuF43++++TI/-Tmp-/npm-847-MQ6Uw_GR/1384797246727-0.22997816582210362/package
54 silly lockFile 3a1fe78f-6727-0-22997816582210362-package tar:///var/folders/0f/0fk5d+O6EZmOJARmMuF43++++TI/-Tmp-/npm-847-MQ6Uw_GR/1384797246727-0.22997816582210362/package
55 verbose lock tar:///var/folders/0f/0fk5d+O6EZmOJARmMuF43++++TI/-Tmp-/npm-847-MQ6Uw_GR/1384797246727-0.22997816582210362/package /Users/Jerry/.npm/3a1fe78f-6727-0-22997816582210362-package.lock
56 silly lockFile 9b08ed37-npm-supervisor-0-5-6-package-tgz tar:///Users/Jerry/.npm/supervisor/0.5.6/package.tgz
57 verbose lock tar:///Users/Jerry/.npm/supervisor/0.5.6/package.tgz /Users/Jerry/.npm/9b08ed37-npm-supervisor-0-5-6-package-tgz.lock
58 silly lockFile 3a1fe78f-6727-0-22997816582210362-package tar:///var/folders/0f/0fk5d+O6EZmOJARmMuF43++++TI/-Tmp-/npm-847-MQ6Uw_GR/1384797246727-0.22997816582210362/package
59 silly lockFile 3a1fe78f-6727-0-22997816582210362-package tar:///var/folders/0f/0fk5d+O6EZmOJARmMuF43++++TI/-Tmp-/npm-847-MQ6Uw_GR/1384797246727-0.22997816582210362/package
60 silly lockFile 9b08ed37-npm-supervisor-0-5-6-package-tgz tar:///Users/Jerry/.npm/supervisor/0.5.6/package.tgz
61 silly lockFile 9b08ed37-npm-supervisor-0-5-6-package-tgz tar:///Users/Jerry/.npm/supervisor/0.5.6/package.tgz
62 silly lockFile 54b04e65-rry-npm-supervisor-0-5-6-package /Users/Jerry/.npm/supervisor/0.5.6/package
63 verbose lock /Users/Jerry/.npm/supervisor/0.5.6/package /Users/Jerry/.npm/54b04e65-rry-npm-supervisor-0-5-6-package.lock
64 silly lockFile 54b04e65-rry-npm-supervisor-0-5-6-package /Users/Jerry/.npm/supervisor/0.5.6/package
65 silly lockFile 54b04e65-rry-npm-supervisor-0-5-6-package /Users/Jerry/.npm/supervisor/0.5.6/package
66 verbose tar unpack /Users/Jerry/.npm/supervisor/0.5.6/package.tgz
67 silly lockFile be97f8ef-rry-npm-supervisor-0-5-6-package tar:///Users/Jerry/.npm/supervisor/0.5.6/package
68 verbose lock tar:///Users/Jerry/.npm/supervisor/0.5.6/package /Users/Jerry/.npm/be97f8ef-rry-npm-supervisor-0-5-6-package.lock
69 silly lockFile 9b08ed37-npm-supervisor-0-5-6-package-tgz tar:///Users/Jerry/.npm/supervisor/0.5.6/package.tgz
70 verbose lock tar:///Users/Jerry/.npm/supervisor/0.5.6/package.tgz /Users/Jerry/.npm/9b08ed37-npm-supervisor-0-5-6-package-tgz.lock
71 silly gunzTarPerm modes [ '755', '644' ]
72 silly gunzTarPerm extractEntry package.json
73 silly gunzTarPerm extractEntry README.md
74 silly gunzTarPerm extractEntry LICENSE
75 silly gunzTarPerm extractEntry lib/cli-wrapper.js
76 silly gunzTarPerm extractEntry lib/supervisor.js
77 silly lockFile be97f8ef-rry-npm-supervisor-0-5-6-package tar:///Users/Jerry/.npm/supervisor/0.5.6/package
78 silly lockFile be97f8ef-rry-npm-supervisor-0-5-6-package tar:///Users/Jerry/.npm/supervisor/0.5.6/package
79 silly lockFile 9b08ed37-npm-supervisor-0-5-6-package-tgz tar:///Users/Jerry/.npm/supervisor/0.5.6/package.tgz
80 silly lockFile 9b08ed37-npm-supervisor-0-5-6-package-tgz tar:///Users/Jerry/.npm/supervisor/0.5.6/package.tgz
81 verbose chmod /Users/Jerry/.npm/supervisor/0.5.6/package.tgz 644
82 verbose chown /Users/Jerry/.npm/supervisor/0.5.6/package.tgz [ 501, 20 ]
83 silly lockFile 3aeb15e9--supervisor-supervisor-0-5-6-tgz https://registry.npmjs.org/supervisor/-/supervisor-0.5.6.tgz
84 silly lockFile 3aeb15e9--supervisor-supervisor-0-5-6-tgz https://registry.npmjs.org/supervisor/-/supervisor-0.5.6.tgz
85 silly lockFile cea9131d-supervisor-0-5-6 supervisor@0.5.6
86 silly lockFile cea9131d-supervisor-0-5-6 supervisor@0.5.6
87 silly lockFile b28163ae-supervisor supervisor@
88 silly lockFile b28163ae-supervisor supervisor@
89 silly resolved [ { name: 'supervisor',
89 silly resolved     version: '0.5.6',
89 silly resolved     description: 'A supervisor program for running nodejs programs',
89 silly resolved     author: { name: 'Isaac Z. Schlueter', email: 'i@izs.me' },
89 silly resolved     contributors:
89 silly resolved      [ [Object],
89 silly resolved        [Object],
89 silly resolved        [Object],
89 silly resolved        [Object],
89 silly resolved        [Object],
89 silly resolved        [Object],
89 silly resolved        [Object],
89 silly resolved        [Object],
89 silly resolved        [Object],
89 silly resolved        [Object],
89 silly resolved        [Object],
89 silly resolved        [Object],
89 silly resolved        [Object],
89 silly resolved        [Object],
89 silly resolved        [Object],
89 silly resolved        [Object],
89 silly resolved        [Object],
89 silly resolved        [Object],
89 silly resolved        [Object],
89 silly resolved        [Object],
89 silly resolved        [Object],
89 silly resolved        [Object],
89 silly resolved        [Object],
89 silly resolved        [Object],
89 silly resolved        [Object] ],
89 silly resolved     repository:
89 silly resolved      { type: 'git',
89 silly resolved        url: 'git://github.com/isaacs/node-supervisor.git' },
89 silly resolved     bugs: { url: 'https://github.com/isaacs/node-supervisor/issues' },
89 silly resolved     homepage: 'https://github.com/isaacs/node-supervisor/',
89 silly resolved     main: 'lib/supervisor.js',
89 silly resolved     bin:
89 silly resolved      { 'node-supervisor': 'lib/cli-wrapper.js',
89 silly resolved        supervisor: 'lib/cli-wrapper.js' },
89 silly resolved     engines: { node: '>=0.3.7' },
89 silly resolved     preferGlobal: true,
89 silly resolved     readme: '# node-supervisor\n\nA little supervisor script for nodejs. It runs your program, and\nwatches for code changes, so you can have hot-code reloading-ish\nbehavior, without worrying about memory leaks and making sure you\nclean up all the inter-module references, and without a whole new\n`require` system.\n\n## node-supervisor -?\n\n\n    Node Supervisor is used to restart programs when they crash.\n    It can also be used to restart programs when a *.js file changes.\n\n    Usage:\n      supervisor [options] <program>\n      supervisor [options] -- <program> [args ...]\n\n    Required:\n      <program>\n        The program to run.\n\n    Options:\n      -w|--watch <watchItems>\n        A comma-delimited list of folders or js files to watch for changes.\n        When a change to a js file occurs, reload the program\n        Default is \'.\'\n\n      -i|--ignore <ignoreItems>\n        A comma-delimited list of folders to ignore for changes.\n        No default\n\n      -p|--poll-interval <milliseconds>\n        How often to poll watched files for changes.\n        Defaults to Node default.\n\n      -e|--extensions <extensions>\n        A comma-delimited list of file extensions to watch for changes.\n        Used when --watch option includes folders\n        Default is \'node|js\'\n\n      -x|--exec <executable>\n        The executable that runs the specified program.\n        Default is \'node\'\n\n      --debug\n        Start node with --debug flag.\n\n      --debug-brk\n        Start node with --debug-brk flag.\n\n      -n|--no-restart-on error|exit\n        Don\'t automatically restart the supervised program if it ends.\n        Supervisor will wait for a change in the source files.\n        If "error", an exit code of 0 will still restart.\n        If "exit", no restart regardless of exit code.\n\n      --force-watch\n        Use fs.watch instead of fs.watchFile.\n        This may be useful if you see a high cpu load on a windows machine.\n\n      -h|--help|-?\n        Display these usage instructions.\n\n      -q|--quiet\n        Suppress DEBUG messages\n\n    Examples:\n      supervisor myapp.js\n      supervisor myapp.coffee\n      supervisor -w scripts -e myext -x myrunner myapp\n      supervisor -w lib,server.js,config.js server.js\n      supervisor -- server.js -h host -p port\n\n\n## Simple Install\n\nInstall npm, and then do this:\n\n    npm install supervisor -g\n\nYou don\'t even need to download or fork this repo at all.\n\n## Fancy Install\n\nGet this code, install npm, and then do this:\n\n    npm link\n\n## todo\n\n1. Re-attach to a process by pid. If the supervisor is\nbackgrounded, and then disowned, the child will keep running. At\nthat point, the supervisor may be killed, but the child will keep\non running. It\'d be nice to have two supervisors that kept each\nother up, and could also perhaps run a child program.\n2. Run more types of programs than just "node blargh.js".\n3. Be able to run more than one program, so that you can have two\nsupervisors supervise each other, and then also keep some child\nserver up.\n4. When watching, it\'d be good to perhaps bring up a new child\nand then kill the old one gently, rather than just crashing the\nchild abruptly.\n5. Keep the pid in a safe place, so another supervisor can pull\nit out if told to supervise the same program.\n6. It\'d be pretty cool if this program could be run just like\ndoing `node blah.js`, but could somehow "know" which files had\nbeen loaded, and restart whenever a touched file changes.\n',
89 silly resolved     readmeFilename: 'README.md',
89 silly resolved     _id: 'supervisor@0.5.6',
89 silly resolved     dist: { shasum: '0b5c12fb81fbdb92d2f275336abc32cd581c3649' },
89 silly resolved     _from: 'supervisor@',
89 silly resolved     _resolved: 'https://registry.npmjs.org/supervisor/-/supervisor-0.5.6.tgz' } ]
90 info install supervisor@0.5.6 into /usr/Local/lib
91 info installOne supervisor@0.5.6
92 info /usr/Local/lib/node_modules/supervisor unbuild
93 verbose tar unpack /Users/Jerry/.npm/supervisor/0.5.6/package.tgz
94 silly lockFile 4169628c-ocal-lib-node-modules-supervisor tar:///usr/Local/lib/node_modules/supervisor
95 verbose lock tar:///usr/Local/lib/node_modules/supervisor /Users/Jerry/.npm/4169628c-ocal-lib-node-modules-supervisor.lock
96 silly lockFile 9b08ed37-npm-supervisor-0-5-6-package-tgz tar:///Users/Jerry/.npm/supervisor/0.5.6/package.tgz
97 verbose lock tar:///Users/Jerry/.npm/supervisor/0.5.6/package.tgz /Users/Jerry/.npm/9b08ed37-npm-supervisor-0-5-6-package-tgz.lock
98 silly gunzTarPerm modes [ '755', '644' ]
99 error Error: EACCES, mkdir '/usr/Local/lib/node_modules/supervisor'
99 error  { [Error: EACCES, mkdir '/usr/Local/lib/node_modules/supervisor']
99 error   errno: 3,
99 error   code: 'EACCES',
99 error   path: '/usr/Local/lib/node_modules/supervisor',
99 error   fstream_type: 'Directory',
99 error   fstream_path: '/usr/Local/lib/node_modules/supervisor',
99 error   fstream_class: 'DirWriter',
99 error   fstream_stack:
99 error    [ '/usr/local/lib/node_modules/npm/node_modules/fstream/lib/dir-writer.js:36:23',
99 error      '/usr/local/lib/node_modules/npm/node_modules/mkdirp/index.js:37:53',
99 error      'Object.oncomplete (fs.js:107:15)' ] }
100 error Please try running this command again as root/Administrator.
101 error System Darwin 10.3.0
102 error command "node" "/usr/local/bin/npm" "install" "supervisor" "-g"
103 error cwd /Users/Jerry/Code/DQS-master
104 error node -v v0.10.22
105 error npm -v 1.3.14
106 error path /usr/Local/lib/node_modules/supervisor
107 error fstream_path /usr/Local/lib/node_modules/supervisor
108 error fstream_type Directory
109 error fstream_class DirWriter
110 error code EACCES
111 error errno 3
112 error stack Error: EACCES, mkdir '/usr/Local/lib/node_modules/supervisor'
113 error fstream_stack /usr/local/lib/node_modules/npm/node_modules/fstream/lib/dir-writer.js:36:23
113 error fstream_stack /usr/local/lib/node_modules/npm/node_modules/mkdirp/index.js:37:53
113 error fstream_stack Object.oncomplete (fs.js:107:15)
114 verbose exit [ 3, true ]
